-------------------------------------------------------------------------------
Test set: SmartphoneTest
-------------------------------------------------------------------------------
Tests run: 4, Failures: 1, Errors: 0, Skipped: 0, Time elapsed: 0.019 s <<< FAILURE! - in SmartphoneTest
isPositionCorrect  Time elapsed: 0.004 s  <<< FAILURE!
org.opentest4j.AssertionFailedError: expected: <Bochum> but was: <KÃ¶ln>
	at SmartphoneTest.isPositionCorrect(SmartphoneTest.java:25)

