<?xml version="1.0" encoding="UTF-8"?>
<testsuite xmlns:xsi="http://www.w3.org/2001/XMLSchema-instance" xsi:noNamespaceSchemaLocation="https://maven.apache.org/surefire/maven-surefire-plugin/xsd/surefire-test-report.xsd" name="SmartphoneTest" time="0.019" tests="4" errors="0" skipped="0" failures="1">
  <properties>
[...]
</properties>
  <testcase name="hasContactCompanyName" classname="SmartphoneTest" time="0.009"/>
  <testcase name="isPositionCorrect" classname="SmartphoneTest" time="0.004">
    <failure message="expected: &lt;Bochum&gt; but was: &lt;Köln&gt;" type="org.opentest4j.AssertionFailedError"><![CDATA[org.opentest4j.AssertionFailedError: expected: <Bochum> but was: <Köln>
	at SmartphoneTest.isPositionCorrect(SmartphoneTest.java:25)
]]></failure>
  </testcase>
  <testcase name="isStopRadioFalse" classname="SmartphoneTest" time="0.001"/>
  <testcase name="isStartRadioTrue" classname="SmartphoneTest" time="0.001"/>
</testsuite>